rake aborted!

/home/sa/.rvm/gems/ruby-1.9.3-p448@qd_college/gems/activesupport-3.2.13/lib/active_support/dependencies.rb:108:in `block in new_constants'
/home/sa/.rvm/gems/ruby-1.9.3-p448@qd_college/gems/activesupport-3.2.13/lib/active_support/dependencies.rb:99:in `each'
/home/sa/.rvm/gems/ruby-1.9.3-p448@qd_college/gems/activesupport-3.2.13/lib/active_support/dependencies.rb:99:in `new_constants'
/home/sa/.rvm/gems/ruby-1.9.3-p448@qd_college/gems/activesupport-3.2.13/lib/active_support/dependencies.rb:642:in `new_constants_in'
/home/sa/.rvm/gems/ruby-1.9.3-p448@qd_college/gems/activesupport-3.2.13/lib/active_support/dependencies.rb:234:in `load_dependency'
/home/sa/.rvm/gems/ruby-1.9.3-p448@qd_college/gems/activesupport-3.2.13/lib/active_support/dependencies.rb:251:in `require'
/home/sa/.rvm/gems/ruby-1.9.3-p448@qd_college/gems/redis-objects-0.7.0/lib/redis/list.rb:13:in `<class:List>'
/home/sa/.rvm/gems/ruby-1.9.3-p448@qd_college/gems/redis-objects-0.7.0/lib/redis/list.rb:8:in `<class:Redis>'
/home/sa/.rvm/gems/ruby-1.9.3-p448@qd_college/gems/redis-objects-0.7.0/lib/redis/list.rb:3:in `<top (required)>'
/home/sa/.rvm/gems/ruby-1.9.3-p448@qd_college/gems/activesupport-3.2.13/lib/active_support/dependencies.rb:251:in `require'
/home/sa/.rvm/gems/ruby-1.9.3-p448@qd_college/gems/activesupport-3.2.13/lib/active_support/dependencies.rb:251:in `block in require'
/home/sa/.rvm/gems/ruby-1.9.3-p448@qd_college/gems/activesupport-3.2.13/lib/active_support/dependencies.rb:234:in `block in load_dependency'
/home/sa/.rvm/gems/ruby-1.9.3-p448@qd_college/gems/activesupport-3.2.13/lib/active_support/dependencies.rb:639:in `new_constants_in'
/home/sa/.rvm/gems/ruby-1.9.3-p448@qd_college/gems/activesupport-3.2.13/lib/active_support/dependencies.rb:234:in `load_dependency'
/home/sa/.rvm/gems/ruby-1.9.3-p448@qd_college/gems/activesupport-3.2.13/lib/active_support/dependencies.rb:251:in `require'
/home/sa/.rvm/gems/ruby-1.9.3-p448@qd_college/gems/redis-objects-0.7.0/lib/redis/objects/lists.rb:3:in `<top (required)>'
/home/sa/.rvm/gems/ruby-1.9.3-p448@qd_college/gems/redis-objects-0.7.0/lib/redis/objects.rb:79:in `included'
/home/sa/workspace/qd_college/trunk/app/models/award.rb:17:in `include'
/home/sa/workspace/qd_college/trunk/app/models/award.rb:17:in `<class:Award>'
/home/sa/workspace/qd_college/trunk/app/models/award.rb:16:in `<top (required)>'
/home/sa/.rvm/gems/ruby-1.9.3-p448@qd_college/gems/activesupport-3.2.13/lib/active_support/dependencies.rb:469:in `load'
/home/sa/.rvm/gems/ruby-1.9.3-p448@qd_college/gems/activesupport-3.2.13/lib/active_support/dependencies.rb:469:in `block in load_file'
/home/sa/.rvm/gems/ruby-1.9.3-p448@qd_college/gems/activesupport-3.2.13/lib/active_support/dependencies.rb:639:in `new_constants_in'
/home/sa/.rvm/gems/ruby-1.9.3-p448@qd_college/gems/activesupport-3.2.13/lib/active_support/dependencies.rb:468:in `load_file'
/home/sa/.rvm/gems/ruby-1.9.3-p448@qd_college/gems/activesupport-3.2.13/lib/active_support/dependencies.rb:353:in `require_or_load'
/home/sa/.rvm/gems/ruby-1.9.3-p448@qd_college/gems/activesupport-3.2.13/lib/active_support/dependencies.rb:502:in `load_missing_constant'
/home/sa/.rvm/gems/ruby-1.9.3-p448@qd_college/gems/activesupport-3.2.13/lib/active_support/dependencies.rb:192:in `block in const_missing'
/home/sa/.rvm/gems/ruby-1.9.3-p448@qd_college/gems/activesupport-3.2.13/lib/active_support/dependencies.rb:190:in `each'
/home/sa/.rvm/gems/ruby-1.9.3-p448@qd_college/gems/activesupport-3.2.13/lib/active_support/dependencies.rb:190:in `const_missing'
/home/sa/.rvm/gems/ruby-1.9.3-p448@qd_college/gems/activesupport-3.2.13/lib/active_support/dependencies.rb:514:in `load_missing_constant'
/home/sa/.rvm/gems/ruby-1.9.3-p448@qd_college/gems/activesupport-3.2.13/lib/active_support/dependencies.rb:192:in `block in const_missing'
/home/sa/.rvm/gems/ruby-1.9.3-p448@qd_college/gems/activesupport-3.2.13/lib/active_support/dependencies.rb:190:in `each'
/home/sa/.rvm/gems/ruby-1.9.3-p448@qd_college/gems/activesupport-3.2.13/lib/active_support/dependencies.rb:190:in `const_missing'
/home/sa/.rvm/gems/ruby-1.9.3-p448@qd_college/gems/activesupport-3.2.13/lib/active_support/inflector/methods.rb:230:in `block in constantize'
/home/sa/.rvm/gems/ruby-1.9.3-p448@qd_college/gems/activesupport-3.2.13/lib/active_support/inflector/methods.rb:229:in `each'
/home/sa/.rvm/gems/ruby-1.9.3-p448@qd_college/gems/activesupport-3.2.13/lib/active_support/inflector/methods.rb:229:in `constantize'
/home/sa/.rvm/gems/ruby-1.9.3-p448@qd_college/gems/activesupport-3.2.13/lib/active_support/inflector/methods.rb:260:in `safe_constantize'
/home/sa/.rvm/gems/ruby-1.9.3-p448@qd_college/gems/activesupport-3.2.13/lib/active_support/core_ext/string/inflections.rb:66:in `safe_constantize'
/home/sa/.rvm/gems/ruby-1.9.3-p448@qd_college/gems/actionpack-3.2.13/lib/action_controller/metal/params_wrapper.rb:152:in `_default_wrap_model'
/home/sa/.rvm/gems/ruby-1.9.3-p448@qd_college/gems/actionpack-3.2.13/lib/action_controller/metal/params_wrapper.rb:169:in `_set_wrapper_defaults'
/home/sa/.rvm/gems/ruby-1.9.3-p448@qd_college/gems/actionpack-3.2.13/lib/action_controller/metal/params_wrapper.rb:133:in `inherited'
/home/sa/.rvm/gems/ruby-1.9.3-p448@qd_college/gems/actionpack-3.2.13/lib/abstract_controller/railties/routes_helpers.rb:7:in `block (2 levels) in with'
/home/sa/.rvm/gems/ruby-1.9.3-p448@qd_college/gems/actionpack-3.2.13/lib/action_controller/railties/paths.rb:7:in `block (2 levels) in with'
/home/sa/.rvm/gems/ruby-1.9.3-p448@qd_college/gems/inherited_resources-1.4.0/lib/inherited_resources/class_methods.rb:371:in `inherited'
/home/sa/workspace/qd_college/trunk/app/controllers/admin/awards_controller.rb:2:in `<top (required)>'
/home/sa/.rvm/gems/ruby-1.9.3-p448@qd_college/gems/activesupport-3.2.13/lib/active_support/dependencies.rb:469:in `load'
/home/sa/.rvm/gems/ruby-1.9.3-p448@qd_college/gems/activesupport-3.2.13/lib/active_support/dependencies.rb:469:in `block in load_file'
/home/sa/.rvm/gems/ruby-1.9.3-p448@qd_college/gems/activesupport-3.2.13/lib/active_support/dependencies.rb:639:in `new_constants_in'
/home/sa/.rvm/gems/ruby-1.9.3-p448@qd_college/gems/activesupport-3.2.13/lib/active_support/dependencies.rb:468:in `load_file'
/home/sa/.rvm/gems/ruby-1.9.3-p448@qd_college/gems/activesupport-3.2.13/lib/active_support/dependencies.rb:353:in `require_or_load'
/home/sa/.rvm/gems/ruby-1.9.3-p448@qd_college/gems/activesupport-3.2.13/lib/active_support/dependencies.rb:313:in `depend_on'
/home/sa/.rvm/gems/ruby-1.9.3-p448@qd_college/gems/activesupport-3.2.13/lib/active_support/dependencies.rb:225:in `require_dependency'
/home/sa/.rvm/gems/ruby-1.9.3-p448@qd_college/gems/railties-3.2.13/lib/rails/engine.rb:439:in `block (2 levels) in eager_load!'
/home/sa/.rvm/gems/ruby-1.9.3-p448@qd_college/gems/railties-3.2.13/lib/rails/engine.rb:438:in `each'
/home/sa/.rvm/gems/ruby-1.9.3-p448@qd_college/gems/railties-3.2.13/lib/rails/engine.rb:438:in `block in eager_load!'
/home/sa/.rvm/gems/ruby-1.9.3-p448@qd_college/gems/railties-3.2.13/lib/rails/engine.rb:436:in `each'
/home/sa/.rvm/gems/ruby-1.9.3-p448@qd_college/gems/railties-3.2.13/lib/rails/engine.rb:436:in `eager_load!'
/home/sa/.rvm/gems/ruby-1.9.3-p448@qd_college/gems/resque-1.25.1/lib/resque/tasks.rb:61:in `block (2 levels) in <top (required)>'
Tasks: TOP => resque:work => resque:preload
(See full trace by running task with --trace)
